<?xml version="1.0" encoding="UTF-8"?>
<testng-results skipped="0" failed="0" ignored="0" total="1" passed="1">
  <reporter-output>
  </reporter-output>
  <suite name="Default suite" duration-ms="45470" started-at="2020-03-15T20:11:51Z" finished-at="2020-03-15T20:12:37Z">
    <groups>
    </groups>
    <test name="Default test" duration-ms="45470" started-at="2020-03-15T20:11:51Z" finished-at="2020-03-15T20:12:37Z">
      <class name="com.usa.logintest.FindPropertyTest">
        <test-method status="PASS" signature="setUp()[pri:0, instance:com.usa.logintest.FindPropertyTest@255b53dc]" name="setUp" is-config="true" duration-ms="33396" started-at="2020-03-15T20:11:51Z" finished-at="2020-03-15T20:12:25Z">
          <reporter-output>
          </reporter-output>
        </test-method> <!-- setUp -->
        <test-method status="PASS" signature="findProperties()[pri:0, instance:com.usa.logintest.FindPropertyTest@255b53dc]" name="findProperties" duration-ms="11885" started-at="2020-03-15T20:12:25Z" finished-at="2020-03-15T20:12:37Z">
          <reporter-output>
          </reporter-output>
        </test-method> <!-- findProperties -->
        <test-method status="PASS" signature="tearDown()[pri:0, instance:com.usa.logintest.FindPropertyTest@255b53dc]" name="tearDown" is-config="true" duration-ms="169" started-at="2020-03-15T20:12:37Z" finished-at="2020-03-15T20:12:37Z">
          <reporter-output>
          </reporter-output>
        </test-method> <!-- tearDown -->
      </class> <!-- com.usa.logintest.FindPropertyTest -->
    </test> <!-- Default test -->
  </suite> <!-- Default suite -->
</testng-results>
