<?xml version="1.0" encoding="UTF-8"?>
<!-- Generated by org.testng.reporters.JUnitXMLReporter -->
<testsuite hostname="MOHAMMEDALA556D" ignored="0" name="PMCS Login test" tests="2" failures="0" timestamp="23 Mar 2020 02:38:52 GMT" time="132.088" errors="0">
  <testcase name="feature" time="61.21" classname="cucumber.api.testng.AbstractTestNGCucumberTests"/>
  <testcase name="feature" time="69.878" classname="cucumber.api.testng.AbstractTestNGCucumberTests"/>
</testsuite> <!-- PMCS Login test -->
